-------------------------------------------------------------------------------
Test set: uta.cse3310.AppTest
-------------------------------------------------------------------------------
Tests run: 1, Failures: 1, Errors: 0, Skipped: 0, Time elapsed: 0.117 s <<< FAILURE! - in uta.cse3310.AppTest
uta.cse3310.AppTest.testApp  Time elapsed: 0.082 s  <<< FAILURE!
junit.framework.ComparisonFailure: expected:<[full]> but was:<[2]>
	at uta.cse3310.AppTest.testApp(AppTest.java:43)

